<?xml version="1.0" encoding="UTF-8"?>
<testng-results skipped="0" failed="0" total="1" passed="1">
  <reporter-output>
  </reporter-output>
  <suite name="HMSResults" duration-ms="27086" started-at="2019-10-26T16:24:17Z" finished-at="2019-10-26T16:24:45Z">
    <groups>
    </groups>
    <test name="HMSLogin1" duration-ms="27086" started-at="2019-10-26T16:24:17Z" finished-at="2019-10-26T16:24:45Z">
      <class name="package1.Testmaven1">
        <test-method status="PASS" signature="beforeTest()[pri:0, instance:package1.Testmaven1@19bb089b]" name="beforeTest" is-config="true" duration-ms="14482" started-at="2019-10-26T18:24:17Z" finished-at="2019-10-26T18:24:32Z">
          <reporter-output>
          </reporter-output>
        </test-method> <!-- beforeTest -->
        <test-method status="PASS" signature="f()[pri:0, instance:package1.Testmaven1@19bb089b]" name="f" duration-ms="11929" started-at="2019-10-26T18:24:32Z" finished-at="2019-10-26T18:24:44Z">
          <reporter-output>
          </reporter-output>
        </test-method> <!-- f -->
        <test-method status="PASS" signature="afterTest()[pri:0, instance:package1.Testmaven1@19bb089b]" name="afterTest" is-config="true" duration-ms="659" started-at="2019-10-26T18:24:44Z" finished-at="2019-10-26T18:24:45Z">
          <reporter-output>
          </reporter-output>
        </test-method> <!-- afterTest -->
      </class> <!-- package1.Testmaven1 -->
    </test> <!-- HMSLogin1 -->
  </suite> <!-- HMSResults -->
</testng-results>
